c:\kek\yap\lplab14\lplab10\debug\lplab10.pch
c:\kek\yap\lplab14\lplab10\debug\vc141.pdb
c:\kek\yap\lplab14\lplab10\debug\vc141.idb
c:\kek\yap\lplab14\lplab10\debug\stdafx.obj
c:\kek\yap\lplab14\lplab10\debug\parm.obj
c:\kek\yap\lplab14\lplab10\debug\lplab10.obj
c:\kek\yap\lplab14\lplab10\debug\log.obj
c:\kek\yap\lplab14\lplab10\debug\in.obj
c:\kek\yap\lplab14\lplab10\debug\fst.obj
c:\kek\yap\lplab14\lplab10\debug\error.obj
c:\kek\yap\lplab14\lplab10\debug\lt.obj
c:\kek\yap\lplab14\lplab10\debug\it.obj
c:\kek\yap\lplab14\lplab10\debug\parser.obj
c:\kek\yap\lplab14\debug\lplab10.exe
c:\kek\yap\lplab14\debug\lplab10.ilk
c:\kek\yap\lplab14\debug\lplab10.pdb
c:\kek\yap\lplab14\lplab10\debug\lplab10.tlog\cl.command.1.tlog
c:\kek\yap\lplab14\lplab10\debug\lplab10.tlog\cl.read.1.tlog
c:\kek\yap\lplab14\lplab10\debug\lplab10.tlog\cl.write.1.tlog
c:\kek\yap\lplab14\lplab10\debug\lplab10.tlog\link.command.1.tlog
c:\kek\yap\lplab14\lplab10\debug\lplab10.tlog\link.read.1.tlog
c:\kek\yap\lplab14\lplab10\debug\lplab10.tlog\link.write.1.tlog
