Разбор цепочек
---- Протокол ------- Дата: 10.09.2018 20:47:13
---- Параметры -------
-log: D:\MyFiles\BSTU\2st\1st\YAP\WorkLabs\LPLab14\Debug\LPLab10.exe.log
-out: D:\MyFiles\BSTU\2st\1st\YAP\WorkLabs\LPLab14\Debug\LPLab10.exe.out
-in: input.txt
Цепочка 0 не распознана. Элемент: 15
Цепочка 1 не распознана. Элемент: 35
Цепочка 2 распознана
Цепочка 3 распознана
Цепочка 4 распознана
Цепочка 5 распознана
Цепочка 6 распознана
Цепочка 7 распознана
Цепочка 8 не распознана. Элемент: 280
Цепочка 9 не распознана. Элемент: 313
Цепочка 10 не распознана. Элемент: 313
---- Исходные данные -----
Количество символов: 324
Проигнорировано:     0
Количество строк:    5
